Created by PLY version 3.3 (http://www.dabeaz.com/ply)

Unused terminals:

    TkMayorIgual
    TkParCierra
    TkDisyuncion
    TkDiv
    TkMult
    TkMenor
    TkString
    TkDo
    TkMenorIgual
    TkFalse
    TkTrue
    TkMayor
    TkParAbre
    TkPuntoYComa
    TkDesigual
    TkComentario
    TkIf
    TkMenos
    TkConjuncion
    TkBool
    TkWith
    TkMas
    TkComa
    TkAsignacion
    TkIgual
    TkMod
    TkIdent
    TkNegacion

Grammar

Rule 0     S' -> expression
Rule 1     expression -> TkNum

Terminals, with rules where they appear

TkAsignacion         : 
TkBool               : 
TkComa               : 
TkComentario         : 
TkConjuncion         : 
TkDesigual           : 
TkDisyuncion         : 
TkDiv                : 
TkDo                 : 
TkFalse              : 
TkIdent              : 
TkIf                 : 
TkIgual              : 
TkMas                : 
TkMayor              : 
TkMayorIgual         : 
TkMenor              : 
TkMenorIgual         : 
TkMenos              : 
TkMod                : 
TkMult               : 
TkNegacion           : 
TkNum                : 1
TkParAbre            : 
TkParCierra          : 
TkPuntoYComa         : 
TkString             : 
TkTrue               : 
TkWith               : 
error                : 

Nonterminals, with rules where they appear

expression           : 0

Parsing method: LALR

state 0

    (0) S' -> . expression
    (1) expression -> . TkNum

    TkNum           shift and go to state 1

    expression                     shift and go to state 2

state 1

    (1) expression -> TkNum .

    $end            reduce using rule 1 (expression -> TkNum .)


state 2

    (0) S' -> expression .


